<?xml version="1.0" encoding="UTF-8"?>
<testng-results skipped="0" failed="0" ignored="0" total="1" passed="1">
  <reporter-output>
  </reporter-output>
  <suite name="Suite" duration-ms="120" started-at="2017-07-02T13:02:50Z" finished-at="2017-07-02T13:02:50Z">
    <groups>
    </groups>
    <test name="Test" duration-ms="120" started-at="2017-07-02T13:02:50Z" finished-at="2017-07-02T13:02:50Z">
      <class name="Hello02.testing01">
        <test-method status="PASS" signature="launch()[pri:0, instance:Hello02.testing01@5056dfcb]" name="launch" duration-ms="44" started-at="2017-07-02T18:32:50Z" finished-at="2017-07-02T18:32:50Z">
          <reporter-output>
          </reporter-output>
        </test-method> <!-- launch -->
      </class> <!-- Hello02.testing01 -->
    </test> <!-- Test -->
  </suite> <!-- Suite -->
</testng-results>
